2013/07/26 20:30:30 Friday [INFO] receive a connection from 127.0.0.1.
2013/07/26 20:30:30 Friday [INFO] receive the command size:[B@4
2013/07/26 20:30:30 Friday [WARN] receive a cmd receive cmd .,but the user not login,close the connection.
2013/07/26 20:52:08 Friday [INFO] receive a connection from 127.0.0.1.
2013/07/26 20:52:08 Friday [INFO] receive the command size:[B@6
2013/07/26 20:52:08 Friday [WARN] receive a cmd receive cmd .,but the user not login,close the connection.
2013/07/26 20:53:26 Friday [INFO] receive a connection from 127.0.0.1.
2013/07/26 20:53:26 Friday [INFO] receive the command size:[B@5
2013/07/26 20:53:26 Friday [WARN] receive a cmd receive cmd .,but the user not login,close the connection.
2013/07/26 20:54:12 Friday [INFO] receive a connection from 127.0.0.1.
2013/07/26 20:54:12 Friday [INFO] receive the command size:[B@6
2013/07/26 20:54:12 Friday [WARN] receive a cmd receive cmd .,but the user not login,close the connection.
2013/07/26 20:54:53 Friday [INFO] receive a connection from 127.0.0.1.
2013/07/26 20:54:53 Friday [INFO] receive the command size:[B@7
2013/07/26 20:54:53 Friday [WARN] receive a cmd receive cmd .,but the user not login,close the connection.
2013/07/26 20:56:24 Friday [INFO] receive a connection from 127.0.0.1.
2013/07/26 20:56:24 Friday [INFO] receive the command size:[B@6
2013/07/26 20:56:25 Friday [WARN] receive a cmd receive cmd .,but the user not login,close the connection.
2013/07/26 20:57:56 Friday [INFO] receive a connection from 127.0.0.1.
2013/07/26 20:57:56 Friday [INFO] receive the command size:6300
2013/07/26 20:58:00 Friday [ERROR] recv more than 4S, close the socket.
2013/07/26 21:02:50 Friday [INFO] receive a connection from 127.0.0.1.
2013/07/26 21:02:50 Friday [INFO] receive the command size:
2013/07/26 21:02:50 Friday [INFO] clinet close the connection.
2013/07/26 21:03:29 Friday [INFO] receive a connection from 127.0.0.1.
2013/07/26 21:03:29 Friday [INFO] receive the command size:0036
2013/07/26 21:03:29 Friday [INFO] receive cmd LOGIN:USERNAME=test1,PASSWORD=123456.
2013/07/26 21:03:29 Friday [INFO] begin Login::Do().
2013/07/26 21:03:29 Friday [INFO] begin process parameter.
2013/07/26 21:03:29 Friday [INFO] send ack message:ACK:LOGIN:RETN=4,DESC=Wrong Parameter
2013/07/26 21:09:22 Friday [INFO] receive a connection from 127.0.0.1.
2013/07/26 21:09:22 Friday [INFO] receive the command size:0032
2013/07/26 21:09:22 Friday [INFO] receive cmd LOGIN:USER=test1,PASSWORD=123456.
2013/07/26 21:09:22 Friday [INFO] begin Login::Do().
2013/07/26 21:09:22 Friday [INFO] begin process parameter.
2013/07/26 21:09:22 Friday [INFO] send ack message:ACK:LOGIN:RETN=4,DESC=Wrong Parameter
2013/07/26 21:20:58 Friday [ERROR] bind to port error
2013/07/26 21:20:58 Friday [ERROR] Init Process error
2013/07/26 21:21:32 Friday [INFO] receive a connection from 127.0.0.1.
2013/07/26 21:21:32 Friday [INFO] receive the command size:0036
2013/07/26 21:21:32 Friday [INFO] receive cmd LOGIN:USERNAME=test1,PASSWORD=123456.
2013/07/26 21:21:32 Friday [INFO] begin Login::Do().
2013/07/26 21:21:32 Friday [INFO] begin process parameter.
2013/07/26 21:21:32 Friday [INFO] send ack message:ACK:LOGIN:RETN=4,DESC=Wrong Parameter
2013/07/26 21:22:22 Friday [INFO] receive a connection from 127.0.0.1.
2013/07/26 21:22:22 Friday [INFO] receive the command size:0030
2013/07/26 21:22:22 Friday [INFO] receive cmd LOGIN:user=test1,passwd=123456.
2013/07/26 21:22:22 Friday [INFO] begin Login::Do().
2013/07/26 21:22:22 Friday [INFO] begin process parameter.
2013/07/26 21:22:22 Friday [INFO] end process parameter.
2013/07/26 21:22:22 Friday [INFO] begin to send login request to auth server.
2013/07/26 21:22:22 Friday [INFO] send login request to auth server success.
2013/07/26 21:22:22 Friday [INFO] begin to read auth server ack.
2013/07/26 21:22:23 Friday [INFO] read auth server ack success.
2013/07/26 21:22:23 Friday [INFO] send ack message:ACK:LOGIN:RETN=1001,DESC=user name or pass is error
2013/07/26 21:31:34 Friday [INFO] receive a connection from 127.0.0.1.
2013/07/26 21:31:34 Friday [INFO] receive the command size:0030
2013/07/26 21:31:34 Friday [INFO] receive cmd LOGIN:user=test1,passwd=123456.
2013/07/26 21:31:34 Friday [INFO] begin Login::Do().
2013/07/26 21:31:34 Friday [INFO] begin process parameter.
2013/07/26 21:31:34 Friday [INFO] end process parameter.
2013/07/26 21:31:34 Friday [INFO] begin to send login request to auth server.
2013/07/26 21:31:34 Friday [INFO] send login request to auth server success.
2013/07/26 21:31:34 Friday [INFO] begin to read auth server ack.
2013/07/26 21:31:34 Friday [INFO] read auth server ack success.
2013/07/26 21:31:34 Friday [INFO] Process::sendAck send ack message:ACK:LOGIN:RETN=0,DESC=success
2013/07/26 21:32:00 Friday [INFO] receive the command size:
2013/07/26 21:32:00 Friday [INFO] clinet close the connection.
2013/07/26 21:32:13 Friday [INFO] receive a connection from 127.0.0.1.
2013/07/26 21:32:13 Friday [INFO] receive the command size:0030
2013/07/26 21:32:13 Friday [INFO] receive cmd LOGIN:user=test1,passwd=123456.
2013/07/26 21:32:13 Friday [INFO] begin Login::Do().
2013/07/26 21:32:13 Friday [INFO] begin process parameter.
2013/07/26 21:32:13 Friday [INFO] end process parameter.
2013/07/26 21:32:13 Friday [INFO] begin to send login request to auth server.
2013/07/26 21:32:13 Friday [INFO] send login request to auth server success.
2013/07/26 21:32:13 Friday [INFO] begin to read auth server ack.
2013/07/26 21:32:13 Friday [INFO] read auth server ack success.
2013/07/26 21:32:13 Friday [INFO] Process::sendAck send ack message:ACK:LOGIN:RETN=0,DESC=success
2013/07/26 21:48:43 Friday [INFO] receive the command size:
2013/07/26 21:48:43 Friday [INFO] clinet close the connection.
2013/07/26 21:56:25 Friday [INFO] receive a connection from 127.0.0.1.
2013/07/26 21:56:25 Friday [INFO] receive the command size:0030
2013/07/26 21:56:25 Friday [INFO] receive cmd LOGIN:user=test1,passwd=123456.
2013/07/26 21:56:25 Friday [INFO] begin Login::Do().
2013/07/26 21:56:25 Friday [INFO] begin process parameter.
2013/07/26 21:56:25 Friday [INFO] end process parameter.
2013/07/26 21:56:25 Friday [INFO] begin to send login request to auth server.
2013/07/26 21:56:25 Friday [INFO] send login request to auth server success.
2013/07/26 21:56:25 Friday [INFO] begin to read auth server ack.
2013/07/26 21:56:25 Friday [INFO] read auth server ack success.
2013/07/26 21:56:25 Friday [INFO] Process::sendAck send ack message:ACK:LOGIN:RETN=0,DESC=success
2013/07/26 21:59:36 Friday [ERROR] bind to port error
2013/07/26 21:59:36 Friday [ERROR] Init Process error
2013/07/26 22:00:41 Friday [INFO] receive a connection from 127.0.0.1.
2013/07/26 22:00:41 Friday [INFO] receive the command size:0030
2013/07/26 22:00:41 Friday [INFO] receive cmd LOGIN:user=test1,passwd=123456.
2013/07/26 22:00:41 Friday [INFO] begin Login::Do().
2013/07/26 22:00:41 Friday [INFO] begin process parameter.
2013/07/26 22:00:41 Friday [INFO] end process parameter.
2013/07/26 22:00:41 Friday [INFO] begin to send login request to auth server.
2013/07/26 22:00:41 Friday [INFO] send login request to auth server success.
2013/07/26 22:00:41 Friday [INFO] begin to read auth server ack.
2013/07/26 22:00:41 Friday [INFO] read auth server ack success.
2013/07/26 22:00:41 Friday [INFO] Process::sendAck send ack message:ACK:LOGIN:RETN=0,DESC=success
2013/07/26 22:07:20 Friday [INFO] receive a connection from 127.0.0.1.
2013/07/26 22:07:20 Friday [INFO] receive the command size:0030
2013/07/26 22:07:20 Friday [INFO] receive cmd LOGIN:user=test1,passwd=123456.
2013/07/26 22:07:20 Friday [INFO] begin Login::Do().
2013/07/26 22:07:20 Friday [INFO] begin process parameter.
2013/07/26 22:07:20 Friday [INFO] end process parameter.
2013/07/26 22:07:20 Friday [INFO] begin to send login request to auth server.
2013/07/26 22:07:20 Friday [INFO] send login request to auth server success.
2013/07/26 22:07:20 Friday [INFO] begin to read auth server ack.
2013/07/26 22:07:20 Friday [INFO] read auth server ack success.
2013/07/26 22:07:20 Friday [INFO] Process::sendAck send ack message:ACK:LOGIN:RETN=0,DESC=success
2013/07/26 22:12:59 Friday [INFO] receive a connection from 127.0.0.1.
2013/07/26 22:12:59 Friday [INFO] receive the command size:0030
2013/07/26 22:12:59 Friday [INFO] receive cmd LOGIN:user=test1,passwd=123456.
2013/07/26 22:12:59 Friday [INFO] begin Login::Do().
2013/07/26 22:12:59 Friday [INFO] begin process parameter.
2013/07/26 22:12:59 Friday [INFO] end process parameter.
2013/07/26 22:12:59 Friday [INFO] begin to send login request to auth server.
2013/07/26 22:12:59 Friday [INFO] send login request to auth server success.
2013/07/26 22:12:59 Friday [INFO] begin to read auth server ack.
2013/07/26 22:12:59 Friday [INFO] read auth server ack success.
2013/07/26 22:12:59 Friday [INFO] Process::sendAck send ack message:ACK:LOGIN:RETN=0,DESC=success
2013/07/26 22:13:12 Friday [INFO] receive the command size:
2013/07/26 22:13:12 Friday [INFO] clinet close the connection.
2013/07/26 22:13:59 Friday [INFO] receive a connection from 127.0.0.1.
2013/07/26 22:13:59 Friday [INFO] receive the command size:0030
2013/07/26 22:13:59 Friday [INFO] receive cmd LOGIN:user=test1,passwd=123456.
2013/07/26 22:13:59 Friday [INFO] begin Login::Do().
2013/07/26 22:13:59 Friday [INFO] begin process parameter.
2013/07/26 22:13:59 Friday [INFO] end process parameter.
2013/07/26 22:13:59 Friday [INFO] begin to send login request to auth server.
2013/07/26 22:13:59 Friday [INFO] send login request to auth server success.
2013/07/26 22:13:59 Friday [INFO] begin to read auth server ack.
2013/07/26 22:13:59 Friday [INFO] read auth server ack success.
2013/07/26 22:13:59 Friday [INFO] Process::sendAck send ack message:ACK:LOGIN:RETN=0,DESC=success
2013/07/26 22:29:15 Friday [INFO] receive the command size:
2013/07/26 22:29:15 Friday [INFO] clinet close the connection.
2013/07/26 22:36:57 Friday [INFO] receive a connection from 127.0.0.1.
2013/07/26 22:36:57 Friday [INFO] receive the command size:0030
2013/07/26 22:36:57 Friday [INFO] receive cmd LOGIN:user=test1,passwd=123456.
2013/07/26 22:36:57 Friday [INFO] begin Login::Do().
2013/07/26 22:36:57 Friday [INFO] begin process parameter.
2013/07/26 22:36:57 Friday [INFO] end process parameter.
2013/07/26 22:36:57 Friday [INFO] begin to send login request to auth server.
2013/07/26 22:36:57 Friday [INFO] send login request to auth server success.
2013/07/26 22:36:57 Friday [INFO] begin to read auth server ack.
2013/07/26 22:36:57 Friday [INFO] read auth server ack success.
2013/07/26 22:36:57 Friday [INFO] Process::sendAck send ack message:ACK:LOGIN:RETN=0,DESC=success
2013/07/26 22:36:57 Friday [INFO] receive the command size:
2013/07/26 22:36:57 Friday [INFO] clinet close the connection.
2013/07/26 22:38:12 Friday [INFO] receive a connection from 127.0.0.1.
2013/07/26 22:38:12 Friday [INFO] receive the command size:0030
2013/07/26 22:38:12 Friday [INFO] receive cmd LOGIN:user=test1,passwd=123456.
2013/07/26 22:38:12 Friday [INFO] begin Login::Do().
2013/07/26 22:38:12 Friday [INFO] begin process parameter.
2013/07/26 22:38:12 Friday [INFO] end process parameter.
2013/07/26 22:38:12 Friday [INFO] begin to send login request to auth server.
2013/07/26 22:38:12 Friday [INFO] send login request to auth server success.
2013/07/26 22:38:12 Friday [INFO] begin to read auth server ack.
2013/07/26 22:38:12 Friday [INFO] read auth server ack success.
2013/07/26 22:38:12 Friday [INFO] Process::sendAck send ack message:ACK:LOGIN:RETN=0,DESC=success
2013/07/26 22:38:12 Friday [INFO] receive the command size:
2013/07/26 22:38:12 Friday [INFO] clinet close the connection.
2013/07/28 01:30:40 Sunday [INFO] receive a connection from 127.0.0.1.
2013/07/28 01:30:40 Sunday [INFO] receive the command size:0030
2013/07/28 01:30:40 Sunday [INFO] receive cmd LOGIN:user=test1,passwd=123456.
2013/07/28 01:30:40 Sunday [INFO] begin Login::Do().
2013/07/28 01:30:40 Sunday [INFO] begin process parameter.
2013/07/28 01:30:40 Sunday [INFO] end process parameter.
2013/07/28 01:30:40 Sunday [INFO] begin to send login request to auth server.
2013/07/28 01:30:40 Sunday [INFO] send login request to auth server success.
2013/07/28 01:30:40 Sunday [INFO] begin to read auth server ack.
2013/07/28 01:30:40 Sunday [INFO] read auth server ack success.
2013/07/28 01:30:40 Sunday [INFO] Process::sendAck send ack message:ACK:LOGIN:RETN=0,DESC=success
2013/07/28 01:30:40 Sunday [INFO] receive the command size:0015
2013/07/28 01:30:40 Sunday [INFO] receive cmd START VM:VMID=1.
2013/07/28 01:30:40 Sunday [INFO] begin StartVM::Do().
2013/07/28 01:30:40 Sunday [INFO] begin process parameter.
2013/07/28 01:30:40 Sunday [INFO] end process parameter.
2013/07/28 01:30:40 Sunday [INFO] execute: select id from VMDetail where id=1.
2013/07/28 01:30:40 Sunday [INFO] execute: select id from VMDetail where status=1 and id=1.
2013/07/28 01:30:40 Sunday [ERROR] connect dispatch server error.
2013/07/28 01:30:40 Sunday [INFO] send ack message:ACK:START VM:RETN=8,DESC=system is busy,please wait
2013/07/28 01:30:40 Sunday [INFO] receive the command size:
2013/07/28 01:30:40 Sunday [INFO] clinet close the connection.
2013/08/27 19:17:44 Tuesday [ERROR] Init Process error
2013/08/27 19:26:32 Tuesday [INFO] receive a connection from 127.0.0.1.
2013/08/27 19:26:32 Tuesday [INFO] receive the command size:0030
2013/08/27 19:26:32 Tuesday [INFO] receive cmd LOGIN:user=test1,passwd=123456.
2013/08/27 19:26:32 Tuesday [INFO] begin Login::Do().
2013/08/27 19:26:32 Tuesday [INFO] begin process parameter.
2013/08/27 19:26:32 Tuesday [INFO] end process parameter.
2013/08/27 19:26:32 Tuesday [INFO] begin to send login request to auth server.
2013/08/27 19:26:32 Tuesday [INFO] send login request to auth server success.
2013/08/27 19:26:32 Tuesday [INFO] begin to read auth server ack.
2013/08/27 19:26:32 Tuesday [INFO] read auth server ack success.
2013/08/27 19:26:32 Tuesday [INFO] Process::sendAck send ack message:ACK:LOGIN:RETN=0,DESC=success
2013/08/27 19:26:32 Tuesday [INFO] receive the command size:0015
2013/08/27 19:26:32 Tuesday [INFO] receive cmd START VM:VMID=1.
2013/08/27 19:26:32 Tuesday [INFO] begin StartVM::Do().
2013/08/27 19:26:32 Tuesday [INFO] begin process parameter.
2013/08/27 19:26:32 Tuesday [INFO] end process parameter.
2013/08/27 19:26:32 Tuesday [INFO] execute: select id from VMDetail where id=1.
2013/08/27 19:26:32 Tuesday [INFO] execute: select id from VMDetail where status=1 and id=1.
2013/08/27 19:26:32 Tuesday [ERROR] connect dispatch server error.
2013/08/27 19:26:32 Tuesday [INFO] send ack message:ACK:START VM:RETN=8,DESC=system is busy,please wait
2013/08/27 19:26:32 Tuesday [INFO] receive the command size:
2013/08/27 19:26:32 Tuesday [INFO] clinet close the connection.
2013/08/27 19:38:24 Tuesday [INFO] receive a connection from 127.0.0.1.
2013/08/27 19:38:24 Tuesday [INFO] receive the command size:0030
2013/08/27 19:38:24 Tuesday [INFO] receive cmd LOGIN:user=test1,passwd=123456.
2013/08/27 19:38:24 Tuesday [INFO] begin Login::Do().
2013/08/27 19:38:24 Tuesday [INFO] begin process parameter.
2013/08/27 19:38:24 Tuesday [INFO] end process parameter.
2013/08/27 19:38:24 Tuesday [INFO] begin to send login request to auth server.
2013/08/27 19:38:24 Tuesday [INFO] send login request to auth server success.
2013/08/27 19:38:24 Tuesday [INFO] begin to read auth server ack.
2013/08/27 19:38:25 Tuesday [INFO] read auth server ack success.
2013/08/27 19:38:25 Tuesday [INFO] Process::sendAck send ack message:ACK:LOGIN:RETN=0,DESC=success
2013/08/27 19:38:25 Tuesday [INFO] receive the command size:0015
2013/08/27 19:38:25 Tuesday [INFO] receive cmd START VM:VMID=1.
2013/08/27 19:38:25 Tuesday [INFO] begin StartVM::Do().
2013/08/27 19:38:25 Tuesday [INFO] begin process parameter.
2013/08/27 19:38:25 Tuesday [INFO] end process parameter.
2013/08/27 19:38:25 Tuesday [INFO] execute: select id from VMDetail where id=1.
2013/08/27 19:38:25 Tuesday [INFO] execute: select id from VMDetail where status=1 and id=1.
2013/08/27 19:38:25 Tuesday [ERROR] connect dispatch server error.
2013/08/27 19:38:25 Tuesday [INFO] send ack message:ACK:START VM:RETN=8,DESC=system is busy,please wait
2013/08/27 19:38:25 Tuesday [INFO] receive the command size:
2013/08/27 19:38:25 Tuesday [INFO] clinet close the connection.
2013/08/27 19:48:11 Tuesday [INFO] receive a connection from 127.0.0.1.
2013/08/27 19:48:11 Tuesday [INFO] receive the command size:0030
2013/08/27 19:48:11 Tuesday [INFO] receive cmd LOGIN:user=test1,passwd=123456.
2013/08/27 19:48:11 Tuesday [INFO] begin Login::Do().
2013/08/27 19:48:11 Tuesday [INFO] begin process parameter.
2013/08/27 19:48:11 Tuesday [INFO] end process parameter.
2013/08/27 19:48:11 Tuesday [INFO] begin to send login request to auth server.
2013/08/27 19:48:11 Tuesday [INFO] send login request to auth server success.
2013/08/27 19:48:11 Tuesday [INFO] begin to read auth server ack.
2013/08/27 19:48:11 Tuesday [INFO] read auth server ack success.
2013/08/27 19:48:11 Tuesday [INFO] Process::sendAck send ack message:ACK:LOGIN:RETN=0,DESC=success
2013/08/27 19:48:11 Tuesday [INFO] receive the command size:0015
2013/08/27 19:48:11 Tuesday [INFO] receive cmd START VM:VMID=1.
2013/08/27 19:48:11 Tuesday [INFO] begin StartVM::Do().
2013/08/27 19:48:11 Tuesday [INFO] begin process parameter.
2013/08/27 19:48:11 Tuesday [INFO] end process parameter.
2013/08/27 19:48:11 Tuesday [INFO] execute: select id from VMDetail where id=1.
2013/08/27 19:48:11 Tuesday [INFO] execute: select id from VMDetail where status=1 and id=1.
2013/08/27 19:51:02 Tuesday [ERROR] Object::recvData receive ack message size error.
2013/08/27 19:51:02 Tuesday [ERROR] recv ack message from dispatch server error.
2013/08/27 19:51:02 Tuesday [INFO] send ack message:ACK:START VM:RETN=8,DESC=system is busy,please wait
2013/08/27 19:51:02 Tuesday [INFO] receive the command size:
2013/08/27 19:51:02 Tuesday [INFO] clinet close the connection.
2013/08/27 20:14:38 Tuesday [INFO] receive a connection from 127.0.0.1.
2013/08/27 20:14:38 Tuesday [INFO] receive the command size:0030
2013/08/27 20:14:38 Tuesday [INFO] receive cmd LOGIN:user=test1,passwd=123456.
2013/08/27 20:14:38 Tuesday [INFO] begin Login::Do().
2013/08/27 20:14:38 Tuesday [INFO] begin process parameter.
2013/08/27 20:14:38 Tuesday [INFO] end process parameter.
2013/08/27 20:14:38 Tuesday [INFO] begin to send login request to auth server.
2013/08/27 20:14:38 Tuesday [INFO] send login request to auth server success.
2013/08/27 20:14:38 Tuesday [INFO] begin to read auth server ack.
2013/08/27 20:14:38 Tuesday [INFO] read auth server ack success.
2013/08/27 20:14:38 Tuesday [INFO] Process::sendAck send ack message:ACK:LOGIN:RETN=0,DESC=success
2013/08/27 20:14:38 Tuesday [INFO] receive the command size:0015
2013/08/27 20:14:38 Tuesday [INFO] receive cmd START VM:VMID=1.
2013/08/27 20:14:38 Tuesday [INFO] begin StartVM::Do().
2013/08/27 20:14:38 Tuesday [INFO] begin process parameter.
2013/08/27 20:14:38 Tuesday [INFO] end process parameter.
2013/08/27 20:14:38 Tuesday [INFO] execute: select id from VMDetail where id=1.
2013/08/27 20:14:38 Tuesday [INFO] execute: select id from VMDetail where status=1 and id=1.
2013/08/27 20:14:39 Tuesday [ERROR] Object::recvData receive ack message error:Success.
2013/08/27 20:14:39 Tuesday [ERROR] recv ack message from dispatch server error.
2013/08/27 20:14:39 Tuesday [INFO] send ack message:ACK:START VM:RETN=8,DESC=system is busy,please wait
2013/08/27 20:14:39 Tuesday [INFO] receive the command size:
2013/08/27 20:14:39 Tuesday [INFO] clinet close the connection.
2013/08/27 20:24:06 Tuesday [INFO] receive a connection from 127.0.0.1.
2013/08/27 20:24:06 Tuesday [INFO] receive the command size:0030
2013/08/27 20:24:06 Tuesday [INFO] receive cmd LOGIN:user=test1,passwd=123456.
2013/08/27 20:24:06 Tuesday [INFO] begin Login::Do().
2013/08/27 20:24:06 Tuesday [INFO] begin process parameter.
2013/08/27 20:24:06 Tuesday [INFO] end process parameter.
2013/08/27 20:24:06 Tuesday [INFO] begin to send login request to auth server.
2013/08/27 20:24:06 Tuesday [INFO] send login request to auth server success.
2013/08/27 20:24:06 Tuesday [INFO] begin to read auth server ack.
2013/08/27 20:24:07 Tuesday [INFO] read auth server ack success.
2013/08/27 20:24:07 Tuesday [INFO] Process::sendAck send ack message:ACK:LOGIN:RETN=0,DESC=success
2013/08/27 20:24:07 Tuesday [INFO] receive the command size:0015
2013/08/27 20:24:07 Tuesday [INFO] receive cmd START VM:VMID=1.
2013/08/27 20:24:07 Tuesday [INFO] begin StartVM::Do().
2013/08/27 20:24:07 Tuesday [INFO] begin process parameter.
2013/08/27 20:24:07 Tuesday [INFO] end process parameter.
2013/08/27 20:24:07 Tuesday [INFO] execute: select id from VMDetail where id=1.
2013/08/27 20:24:07 Tuesday [INFO] execute: select id from VMDetail where status=1 and id=1.
2013/08/27 20:24:07 Tuesday [ERROR] Object::recvData receive ack message error:Success.
2013/08/27 20:24:07 Tuesday [ERROR] recv ack message from dispatch server error.
2013/08/27 20:24:07 Tuesday [INFO] send ack message:ACK:START VM:RETN=8,DESC=system is busy,please wait
2013/08/27 20:24:07 Tuesday [INFO] receive the command size:
2013/08/27 20:24:07 Tuesday [INFO] clinet close the connection.
2013/08/27 20:27:26 Tuesday [INFO] receive a connection from 127.0.0.1.
2013/08/27 20:27:26 Tuesday [INFO] receive the command size:0030
2013/08/27 20:27:26 Tuesday [INFO] receive cmd LOGIN:user=test1,passwd=123456.
2013/08/27 20:27:26 Tuesday [INFO] begin Login::Do().
2013/08/27 20:27:26 Tuesday [INFO] begin process parameter.
2013/08/27 20:27:26 Tuesday [INFO] end process parameter.
2013/08/27 20:27:26 Tuesday [INFO] begin to send login request to auth server.
2013/08/27 20:27:26 Tuesday [INFO] send login request to auth server success.
2013/08/27 20:27:26 Tuesday [INFO] begin to read auth server ack.
2013/08/27 20:27:26 Tuesday [INFO] read auth server ack success.
2013/08/27 20:27:26 Tuesday [INFO] Process::sendAck send ack message:ACK:LOGIN:RETN=0,DESC=success
2013/08/27 20:27:26 Tuesday [INFO] receive the command size:0015
2013/08/27 20:27:26 Tuesday [INFO] receive cmd START VM:VMID=1.
2013/08/27 20:27:26 Tuesday [INFO] begin StartVM::Do().
2013/08/27 20:27:26 Tuesday [INFO] begin process parameter.
2013/08/27 20:27:26 Tuesday [INFO] end process parameter.
2013/08/27 20:27:26 Tuesday [INFO] execute: select id from VMDetail where id=1.
2013/08/27 20:27:26 Tuesday [INFO] execute: select id from VMDetail where status=1 and id=1.
2013/08/27 20:27:26 Tuesday [ERROR] Object::recvData receive ack message error:Success.
2013/08/27 20:27:26 Tuesday [ERROR] recv ack message from dispatch server error.
2013/08/27 20:27:26 Tuesday [INFO] send ack message:ACK:START VM:RETN=8,DESC=system is busy,please wait
2013/08/27 20:27:26 Tuesday [INFO] receive the command size:
2013/08/27 20:27:26 Tuesday [INFO] clinet close the connection.
2013/08/27 20:29:37 Tuesday [INFO] receive a connection from 127.0.0.1.
2013/08/27 20:29:37 Tuesday [INFO] receive the command size:0030
2013/08/27 20:29:37 Tuesday [INFO] receive cmd LOGIN:user=test1,passwd=123456.
2013/08/27 20:29:37 Tuesday [INFO] begin Login::Do().
2013/08/27 20:29:37 Tuesday [INFO] begin process parameter.
2013/08/27 20:29:37 Tuesday [INFO] end process parameter.
2013/08/27 20:29:37 Tuesday [INFO] begin to send login request to auth server.
2013/08/27 20:29:37 Tuesday [INFO] send login request to auth server success.
2013/08/27 20:29:37 Tuesday [INFO] begin to read auth server ack.
2013/08/27 20:29:37 Tuesday [INFO] read auth server ack success.
2013/08/27 20:29:37 Tuesday [INFO] Process::sendAck send ack message:ACK:LOGIN:RETN=0,DESC=success
2013/08/27 20:29:37 Tuesday [INFO] receive the command size:0015
2013/08/27 20:29:37 Tuesday [INFO] receive cmd START VM:VMID=1.
2013/08/27 20:29:37 Tuesday [INFO] begin StartVM::Do().
2013/08/27 20:29:37 Tuesday [INFO] begin process parameter.
2013/08/27 20:29:37 Tuesday [INFO] end process parameter.
2013/08/27 20:29:37 Tuesday [INFO] execute: select id from VMDetail where id=1.
2013/08/27 20:29:37 Tuesday [INFO] execute: select id from VMDetail where status=1 and id=1.
2013/08/27 20:29:38 Tuesday [ERROR] Object::recvData receive ack message error:Success.
2013/08/27 20:29:38 Tuesday [ERROR] recv ack message from dispatch server error.
2013/08/27 20:29:38 Tuesday [INFO] send ack message:ACK:START VM:RETN=8,DESC=system is busy,please wait
2013/08/27 20:29:38 Tuesday [INFO] receive the command size:
2013/08/27 20:29:38 Tuesday [INFO] clinet close the connection.
2013/09/01 15:00:21 Sunday [INFO] receive a connection from 127.0.0.1.
2013/09/01 15:00:21 Sunday [INFO] receive the command size:0030
2013/09/01 15:00:21 Sunday [INFO] receive cmd LOGIN:user=test1,passwd=123456.
2013/09/01 15:00:21 Sunday [INFO] begin Login::Do().
2013/09/01 15:00:21 Sunday [INFO] begin process parameter.
2013/09/01 15:00:21 Sunday [INFO] end process parameter.
2013/09/01 15:00:21 Sunday [INFO] begin to send login request to auth server.
2013/09/01 15:00:21 Sunday [INFO] send login request to auth server success.
2013/09/01 15:00:21 Sunday [INFO] begin to read auth server ack.
2013/09/01 15:00:21 Sunday [INFO] read auth server ack success.
2013/09/01 15:00:21 Sunday [INFO] Process::sendAck send ack message:ACK:LOGIN:RETN=0,DESC=success
2013/09/01 15:00:21 Sunday [INFO] receive the command size:0015
2013/09/01 15:00:21 Sunday [INFO] receive cmd START VM:VMID=1.
2013/09/01 15:00:21 Sunday [INFO] begin StartVM::Do().
2013/09/01 15:00:21 Sunday [INFO] begin process parameter.
2013/09/01 15:00:21 Sunday [INFO] end process parameter.
2013/09/01 15:00:21 Sunday [INFO] execute: select id from VMDetail where id=1.
2013/09/01 15:00:21 Sunday [INFO] execute: select id from VMDetail where status=1 and id=1.
2013/09/01 15:00:22 Sunday [ERROR] Object::recvData receive ack message error:Success.
2013/09/01 15:00:22 Sunday [ERROR] recv ack message from dispatch server error.
2013/09/01 15:00:22 Sunday [INFO] send ack message:ACK:START VM:RETN=8,DESC=system is busy,please wait
2013/09/01 15:00:22 Sunday [INFO] receive the command size:
2013/09/01 15:00:22 Sunday [INFO] clinet close the connection.
2013/09/01 15:01:20 Sunday [INFO] receive a connection from 127.0.0.1.
2013/09/01 15:01:20 Sunday [INFO] receive the command size:0030
2013/09/01 15:01:20 Sunday [INFO] receive cmd LOGIN:user=test1,passwd=123456.
2013/09/01 15:01:20 Sunday [INFO] begin Login::Do().
2013/09/01 15:01:20 Sunday [INFO] begin process parameter.
2013/09/01 15:01:20 Sunday [INFO] end process parameter.
2013/09/01 15:01:20 Sunday [INFO] begin to send login request to auth server.
2013/09/01 15:01:20 Sunday [INFO] send login request to auth server success.
2013/09/01 15:01:20 Sunday [INFO] begin to read auth server ack.
2013/09/01 15:01:21 Sunday [INFO] read auth server ack success.
2013/09/01 15:01:21 Sunday [INFO] Process::sendAck send ack message:ACK:LOGIN:RETN=0,DESC=success
2013/09/01 15:01:21 Sunday [INFO] receive the command size:0015
2013/09/01 15:01:21 Sunday [INFO] receive cmd START VM:VMID=1.
2013/09/01 15:01:21 Sunday [INFO] begin StartVM::Do().
2013/09/01 15:01:21 Sunday [INFO] begin process parameter.
2013/09/01 15:01:21 Sunday [INFO] end process parameter.
2013/09/01 15:01:21 Sunday [INFO] execute: select id from VMDetail where id=1.
2013/09/01 15:01:21 Sunday [INFO] execute: select id from VMDetail where status=1 and id=1.
2013/09/01 15:01:21 Sunday [ERROR] Object::recvData receive ack message error:Success.
2013/09/01 15:01:21 Sunday [ERROR] recv ack message from dispatch server error.
2013/09/01 15:01:21 Sunday [INFO] send ack message:ACK:START VM:RETN=8,DESC=system is busy,please wait
2013/09/01 15:01:21 Sunday [INFO] receive the command size:
2013/09/01 15:01:21 Sunday [INFO] clinet close the connection.
2013/09/01 15:02:56 Sunday [INFO] receive a connection from 127.0.0.1.
2013/09/01 15:02:56 Sunday [INFO] receive the command size:0030
2013/09/01 15:02:56 Sunday [INFO] receive cmd LOGIN:user=test1,passwd=123456.
2013/09/01 15:02:56 Sunday [INFO] begin Login::Do().
2013/09/01 15:02:56 Sunday [INFO] begin process parameter.
2013/09/01 15:02:56 Sunday [INFO] end process parameter.
2013/09/01 15:02:56 Sunday [INFO] begin to send login request to auth server.
2013/09/01 15:02:56 Sunday [INFO] send login request to auth server success.
2013/09/01 15:02:56 Sunday [INFO] begin to read auth server ack.
2013/09/01 15:02:56 Sunday [INFO] read auth server ack success.
2013/09/01 15:02:56 Sunday [INFO] Process::sendAck send ack message:ACK:LOGIN:RETN=0,DESC=success
2013/09/01 15:02:56 Sunday [INFO] receive the command size:0015
2013/09/01 15:02:56 Sunday [INFO] receive cmd START VM:VMID=1.
2013/09/01 15:02:56 Sunday [INFO] begin StartVM::Do().
2013/09/01 15:02:56 Sunday [INFO] begin process parameter.
2013/09/01 15:02:56 Sunday [INFO] end process parameter.
2013/09/01 15:02:56 Sunday [INFO] execute: select id from VMDetail where id=1.
2013/09/01 15:02:56 Sunday [INFO] execute: select id from VMDetail where status=1 and id=1.
2013/09/01 15:02:57 Sunday [ERROR] Object::recvData receive ack message error:Success.
2013/09/01 15:02:57 Sunday [ERROR] recv ack message from dispatch server error.
2013/09/01 15:02:57 Sunday [INFO] send ack message:ACK:START VM:RETN=8,DESC=system is busy,please wait
2013/09/01 15:02:57 Sunday [INFO] receive the command size:
2013/09/01 15:02:57 Sunday [INFO] clinet close the connection.
2013/09/01 15:25:07 Sunday [INFO] receive a connection from 127.0.0.1.
2013/09/01 15:25:07 Sunday [INFO] receive the command size:0030
2013/09/01 15:25:07 Sunday [INFO] receive cmd LOGIN:user=test1,passwd=123456.
2013/09/01 15:25:07 Sunday [INFO] begin Login::Do().
2013/09/01 15:25:07 Sunday [INFO] begin process parameter.
2013/09/01 15:25:07 Sunday [INFO] end process parameter.
2013/09/01 15:25:07 Sunday [INFO] begin to send login request to auth server.
2013/09/01 15:25:07 Sunday [INFO] send login request to auth server success.
2013/09/01 15:25:07 Sunday [INFO] begin to read auth server ack.
2013/09/01 15:25:07 Sunday [INFO] read auth server ack success.
2013/09/01 15:25:07 Sunday [INFO] Process::sendAck send ack message:ACK:LOGIN:RETN=0,DESC=success
2013/09/01 15:25:08 Sunday [INFO] receive the command size:0015
2013/09/01 15:25:08 Sunday [INFO] receive cmd START VM:VMID=1.
2013/09/01 15:25:08 Sunday [INFO] begin StartVM::Do().
2013/09/01 15:25:08 Sunday [INFO] begin process parameter.
2013/09/01 15:25:08 Sunday [INFO] end process parameter.
2013/09/01 15:25:08 Sunday [INFO] execute: select id from VMDetail where id=1.
2013/09/01 15:25:08 Sunday [INFO] execute: select id from VMDetail where status=1 and id=1.
2013/09/01 15:25:08 Sunday [ERROR] Object::recvData receive ack message error:Success.
2013/09/01 15:25:08 Sunday [ERROR] recv ack message from dispatch server error.
2013/09/01 15:25:08 Sunday [INFO] send ack message:ACK:START VM:RETN=8,DESC=system is busy,please wait
2013/09/01 15:25:08 Sunday [INFO] receive the command size:
2013/09/01 15:25:08 Sunday [INFO] clinet close the connection.
2013/09/01 15:35:24 Sunday [INFO] receive a connection from 127.0.0.1.
2013/09/01 15:35:24 Sunday [INFO] receive the command size:0030
2013/09/01 15:35:24 Sunday [INFO] receive cmd LOGIN:user=test1,passwd=123456.
2013/09/01 15:35:24 Sunday [INFO] begin Login::Do().
2013/09/01 15:35:24 Sunday [INFO] begin process parameter.
2013/09/01 15:35:24 Sunday [INFO] end process parameter.
2013/09/01 15:35:24 Sunday [INFO] begin to send login request to auth server.
2013/09/01 15:35:24 Sunday [INFO] send login request to auth server success.
2013/09/01 15:35:24 Sunday [INFO] begin to read auth server ack.
2013/09/01 15:35:24 Sunday [INFO] read auth server ack success.
2013/09/01 15:35:24 Sunday [INFO] Process::sendAck send ack message:ACK:LOGIN:RETN=0,DESC=success
2013/09/01 15:35:24 Sunday [INFO] receive the command size:0015
2013/09/01 15:35:24 Sunday [INFO] receive cmd START VM:VMID=1.
2013/09/01 15:35:24 Sunday [INFO] begin StartVM::Do().
2013/09/01 15:35:24 Sunday [INFO] begin process parameter.
2013/09/01 15:35:24 Sunday [INFO] end process parameter.
2013/09/01 15:35:24 Sunday [INFO] execute: select id from VMDetail where id=1.
2013/09/01 15:35:24 Sunday [INFO] execute: select id from VMDetail where status=1 and id=1.
2013/09/01 15:35:25 Sunday [ERROR] Object::recvData receive ack message error:Success.
2013/09/01 15:35:25 Sunday [ERROR] recv ack message from dispatch server error.
2013/09/01 15:35:25 Sunday [INFO] send ack message:ACK:START VM:RETN=8,DESC=system is busy,please wait
2013/09/01 15:35:25 Sunday [INFO] receive the command size:
2013/09/01 15:35:25 Sunday [INFO] clinet close the connection.
2013/09/01 15:42:31 Sunday [INFO] receive a connection from 127.0.0.1.
2013/09/01 15:42:31 Sunday [INFO] receive the command size:0030
2013/09/01 15:42:31 Sunday [INFO] receive cmd LOGIN:user=test1,passwd=123456.
2013/09/01 15:42:31 Sunday [INFO] begin Login::Do().
2013/09/01 15:42:31 Sunday [INFO] begin process parameter.
2013/09/01 15:42:31 Sunday [INFO] end process parameter.
2013/09/01 15:42:31 Sunday [INFO] begin to send login request to auth server.
2013/09/01 15:42:31 Sunday [INFO] send login request to auth server success.
2013/09/01 15:42:31 Sunday [INFO] begin to read auth server ack.
2013/09/01 15:42:31 Sunday [INFO] read auth server ack success.
2013/09/01 15:42:31 Sunday [INFO] Process::sendAck send ack message:ACK:LOGIN:RETN=0,DESC=success
2013/09/01 15:42:31 Sunday [INFO] receive the command size:0015
2013/09/01 15:42:31 Sunday [INFO] receive cmd START VM:VMID=1.
2013/09/01 15:42:31 Sunday [INFO] begin StartVM::Do().
2013/09/01 15:42:31 Sunday [INFO] begin process parameter.
2013/09/01 15:42:31 Sunday [INFO] end process parameter.
2013/09/01 15:42:31 Sunday [INFO] execute: select id from VMDetail where id=1.
2013/09/01 15:42:31 Sunday [INFO] execute: select id from VMDetail where status=1 and id=1.
2013/09/01 15:42:32 Sunday [ERROR] Object::recvData receive ack message error:Success.
2013/09/01 15:42:32 Sunday [ERROR] recv ack message from dispatch server error.
2013/09/01 15:42:32 Sunday [INFO] send ack message:ACK:START VM:RETN=8,DESC=system is busy,please wait
2013/09/01 15:42:32 Sunday [INFO] receive the command size:
2013/09/01 15:42:32 Sunday [INFO] clinet close the connection.
2013/09/01 15:48:29 Sunday [INFO] receive a connection from 127.0.0.1.
2013/09/01 15:48:29 Sunday [INFO] receive the command size:0030
2013/09/01 15:48:29 Sunday [INFO] receive cmd LOGIN:user=test1,passwd=123456.
2013/09/01 15:48:29 Sunday [INFO] begin Login::Do().
2013/09/01 15:48:29 Sunday [INFO] begin process parameter.
2013/09/01 15:48:29 Sunday [INFO] end process parameter.
2013/09/01 15:48:29 Sunday [INFO] begin to send login request to auth server.
2013/09/01 15:48:29 Sunday [INFO] send login request to auth server success.
2013/09/01 15:48:29 Sunday [INFO] begin to read auth server ack.
2013/09/01 15:48:29 Sunday [INFO] read auth server ack success.
2013/09/01 15:48:29 Sunday [INFO] Process::sendAck send ack message:ACK:LOGIN:RETN=0,DESC=success
2013/09/01 15:48:29 Sunday [INFO] receive the command size:0015
2013/09/01 15:48:29 Sunday [INFO] receive cmd START VM:VMID=1.
2013/09/01 15:48:29 Sunday [INFO] begin StartVM::Do().
2013/09/01 15:48:29 Sunday [INFO] begin process parameter.
2013/09/01 15:48:29 Sunday [INFO] end process parameter.
2013/09/01 15:48:29 Sunday [INFO] execute: select id from VMDetail where id=1.
2013/09/01 15:48:29 Sunday [INFO] execute: select id from VMDetail where status=1 and id=1.
2013/09/01 15:48:29 Sunday [ERROR] Object::recvData receive ack message error:Success.
2013/09/01 15:48:29 Sunday [ERROR] recv ack message from dispatch server error.
2013/09/01 15:48:29 Sunday [INFO] send ack message:ACK:START VM:RETN=8,DESC=system is busy,please wait
2013/09/01 15:48:29 Sunday [INFO] receive the command size:
2013/09/01 15:48:29 Sunday [INFO] clinet close the connection.
2013/09/01 15:57:27 Sunday [INFO] receive a connection from 127.0.0.1.
2013/09/01 15:57:27 Sunday [INFO] receive the command size:0030
2013/09/01 15:57:27 Sunday [INFO] receive cmd LOGIN:user=test1,passwd=123456.
2013/09/01 15:57:27 Sunday [INFO] begin Login::Do().
2013/09/01 15:57:27 Sunday [INFO] begin process parameter.
2013/09/01 15:57:27 Sunday [INFO] end process parameter.
2013/09/01 15:57:27 Sunday [INFO] begin to send login request to auth server.
2013/09/01 15:57:27 Sunday [INFO] send login request to auth server success.
2013/09/01 15:57:27 Sunday [INFO] begin to read auth server ack.
2013/09/01 15:57:27 Sunday [INFO] read auth server ack success.
2013/09/01 15:57:27 Sunday [INFO] Process::sendAck send ack message:ACK:LOGIN:RETN=0,DESC=success
2013/09/01 15:57:27 Sunday [INFO] receive the command size:0015
2013/09/01 15:57:27 Sunday [INFO] receive cmd START VM:VMID=1.
2013/09/01 15:57:27 Sunday [INFO] begin StartVM::Do().
2013/09/01 15:57:27 Sunday [INFO] begin process parameter.
2013/09/01 15:57:27 Sunday [INFO] end process parameter.
2013/09/01 15:57:27 Sunday [INFO] execute: select id from VMDetail where id=1.
2013/09/01 15:57:27 Sunday [INFO] execute: select id from VMDetail where status=1 and id=1.
2013/09/01 15:57:27 Sunday [ERROR] Object::recvData receive ack message error:Success.
2013/09/01 15:57:27 Sunday [ERROR] recv ack message from dispatch server error.
2013/09/01 15:57:27 Sunday [INFO] send ack message:ACK:START VM:RETN=8,DESC=system is busy,please wait
2013/09/01 15:57:28 Sunday [INFO] receive the command size:
2013/09/01 15:57:28 Sunday [INFO] clinet close the connection.
2013/09/01 16:03:58 Sunday [INFO] receive a connection from 127.0.0.1.
2013/09/01 16:03:58 Sunday [INFO] receive the command size:0030
2013/09/01 16:03:58 Sunday [INFO] receive cmd LOGIN:user=test1,passwd=123456.
2013/09/01 16:03:58 Sunday [INFO] begin Login::Do().
2013/09/01 16:03:58 Sunday [INFO] begin process parameter.
2013/09/01 16:03:58 Sunday [INFO] end process parameter.
2013/09/01 16:03:58 Sunday [INFO] begin to send login request to auth server.
2013/09/01 16:03:58 Sunday [INFO] send login request to auth server success.
2013/09/01 16:03:58 Sunday [INFO] begin to read auth server ack.
2013/09/01 16:03:58 Sunday [INFO] read auth server ack success.
2013/09/01 16:03:58 Sunday [INFO] Process::sendAck send ack message:ACK:LOGIN:RETN=0,DESC=success
2013/09/01 16:03:58 Sunday [INFO] receive the command size:0015
2013/09/01 16:03:58 Sunday [INFO] receive cmd START VM:VMID=1.
2013/09/01 16:03:58 Sunday [INFO] begin StartVM::Do().
2013/09/01 16:03:58 Sunday [INFO] begin process parameter.
2013/09/01 16:03:58 Sunday [INFO] end process parameter.
2013/09/01 16:03:58 Sunday [INFO] execute: select id from VMDetail where id=1.
2013/09/01 16:03:58 Sunday [INFO] execute: select id from VMDetail where status=1 and id=1.
2013/09/01 16:03:59 Sunday [ERROR] Object::recvData receive ack message error:Success.
2013/09/01 16:03:59 Sunday [ERROR] recv ack message from dispatch server error.
2013/09/01 16:03:59 Sunday [INFO] send ack message:ACK:START VM:RETN=8,DESC=system is busy,please wait
2013/09/01 16:03:59 Sunday [INFO] receive the command size:
2013/09/01 16:03:59 Sunday [INFO] clinet close the connection.
2013/09/01 16:39:34 Sunday [INFO] receive a connection from 127.0.0.1.
2013/09/01 16:39:34 Sunday [INFO] receive the command size:0030
2013/09/01 16:39:34 Sunday [INFO] receive cmd LOGIN:user=test1,passwd=123456.
2013/09/01 16:39:34 Sunday [INFO] begin Login::Do().
2013/09/01 16:39:34 Sunday [INFO] begin process parameter.
2013/09/01 16:39:34 Sunday [INFO] end process parameter.
2013/09/01 16:39:34 Sunday [INFO] begin to send login request to auth server.
2013/09/01 16:39:34 Sunday [INFO] send login request to auth server success.
2013/09/01 16:39:34 Sunday [INFO] begin to read auth server ack.
2013/09/01 16:39:34 Sunday [INFO] read auth server ack success.
2013/09/01 16:39:34 Sunday [INFO] Process::sendAck send ack message:ACK:LOGIN:RETN=0,DESC=success
2013/09/01 16:39:34 Sunday [INFO] receive the command size:0015
2013/09/01 16:39:34 Sunday [INFO] receive cmd START VM:VMID=1.
2013/09/01 16:39:34 Sunday [INFO] begin StartVM::Do().
2013/09/01 16:39:34 Sunday [INFO] begin process parameter.
2013/09/01 16:39:34 Sunday [INFO] end process parameter.
2013/09/01 16:39:34 Sunday [INFO] execute: select id from VMDetail where id=1.
2013/09/01 16:39:34 Sunday [INFO] execute: select id from VMDetail where status=1 and id=1.
2013/09/01 16:39:35 Sunday [ERROR] Object::recvData receive ack message error:Success.
2013/09/01 16:39:35 Sunday [ERROR] recv ack message from dispatch server error.
2013/09/01 16:39:35 Sunday [INFO] send ack message:ACK:START VM:RETN=8,DESC=system is busy,please wait
2013/09/01 16:39:35 Sunday [INFO] receive the command size:
2013/09/01 16:39:35 Sunday [INFO] clinet close the connection.
2013/09/01 16:44:40 Sunday [INFO] receive a connection from 127.0.0.1.
2013/09/01 16:44:40 Sunday [INFO] receive the command size:0030
2013/09/01 16:44:40 Sunday [INFO] receive cmd LOGIN:user=test1,passwd=123456.
2013/09/01 16:44:40 Sunday [INFO] begin Login::Do().
2013/09/01 16:44:40 Sunday [INFO] begin process parameter.
2013/09/01 16:44:40 Sunday [INFO] end process parameter.
2013/09/01 16:44:40 Sunday [INFO] begin to send login request to auth server.
2013/09/01 16:44:40 Sunday [INFO] send login request to auth server success.
2013/09/01 16:44:40 Sunday [INFO] begin to read auth server ack.
2013/09/01 16:44:40 Sunday [INFO] read auth server ack success.
2013/09/01 16:44:40 Sunday [INFO] Process::sendAck send ack message:ACK:LOGIN:RETN=0,DESC=success
2013/09/01 16:44:40 Sunday [INFO] receive the command size:0015
2013/09/01 16:44:40 Sunday [INFO] receive cmd START VM:VMID=1.
2013/09/01 16:44:40 Sunday [INFO] begin StartVM::Do().
2013/09/01 16:44:40 Sunday [INFO] begin process parameter.
2013/09/01 16:44:40 Sunday [INFO] end process parameter.
2013/09/01 16:44:40 Sunday [INFO] execute: select id from VMDetail where id=1.
2013/09/01 16:44:40 Sunday [INFO] execute: select id from VMDetail where status=1 and id=1.
2013/09/01 16:44:40 Sunday [ERROR] Object::recvData receive ack message error:Success.
2013/09/01 16:44:40 Sunday [ERROR] recv ack message from dispatch server error.
2013/09/01 16:44:40 Sunday [INFO] send ack message:ACK:START VM:RETN=8,DESC=system is busy,please wait
2013/09/01 16:44:40 Sunday [INFO] receive the command size:
2013/09/01 16:44:40 Sunday [INFO] clinet close the connection.
2013/09/01 16:50:52 Sunday [INFO] receive a connection from 127.0.0.1.
2013/09/01 16:50:52 Sunday [INFO] receive the command size:0030
2013/09/01 16:50:52 Sunday [INFO] receive cmd LOGIN:user=test1,passwd=123456.
2013/09/01 16:50:52 Sunday [INFO] begin Login::Do().
2013/09/01 16:50:52 Sunday [INFO] begin process parameter.
2013/09/01 16:50:52 Sunday [INFO] end process parameter.
2013/09/01 16:50:52 Sunday [INFO] begin to send login request to auth server.
2013/09/01 16:50:52 Sunday [INFO] send login request to auth server success.
2013/09/01 16:50:52 Sunday [INFO] begin to read auth server ack.
2013/09/01 16:50:52 Sunday [INFO] read auth server ack success.
2013/09/01 16:50:52 Sunday [INFO] Process::sendAck send ack message:ACK:LOGIN:RETN=0,DESC=success
2013/09/01 16:50:52 Sunday [INFO] receive the command size:0015
2013/09/01 16:50:52 Sunday [INFO] receive cmd START VM:VMID=1.
2013/09/01 16:50:52 Sunday [INFO] begin StartVM::Do().
2013/09/01 16:50:52 Sunday [INFO] begin process parameter.
2013/09/01 16:50:52 Sunday [INFO] end process parameter.
2013/09/01 16:50:52 Sunday [INFO] execute: select id from VMDetail where id=1.
2013/09/01 16:50:52 Sunday [INFO] execute: select id from VMDetail where status=1 and id=1.
2013/09/01 16:50:53 Sunday [ERROR] Object::recvData receive ack message error:Success.
2013/09/01 16:50:53 Sunday [ERROR] recv ack message from dispatch server error.
2013/09/01 16:50:53 Sunday [INFO] send ack message:ACK:START VM:RETN=8,DESC=system is busy,please wait
2013/09/01 16:50:53 Sunday [INFO] receive the command size:
2013/09/01 16:50:53 Sunday [INFO] clinet close the connection.
2013/09/01 16:52:04 Sunday [INFO] receive a connection from 127.0.0.1.
2013/09/01 16:52:04 Sunday [INFO] receive the command size:0030
2013/09/01 16:52:04 Sunday [INFO] receive cmd LOGIN:user=test1,passwd=123456.
2013/09/01 16:52:04 Sunday [INFO] begin Login::Do().
2013/09/01 16:52:04 Sunday [INFO] begin process parameter.
2013/09/01 16:52:04 Sunday [INFO] end process parameter.
2013/09/01 16:52:04 Sunday [INFO] begin to send login request to auth server.
2013/09/01 16:52:04 Sunday [INFO] send login request to auth server success.
2013/09/01 16:52:04 Sunday [INFO] begin to read auth server ack.
2013/09/01 16:52:04 Sunday [INFO] read auth server ack success.
2013/09/01 16:52:04 Sunday [INFO] Process::sendAck send ack message:ACK:LOGIN:RETN=0,DESC=success
2013/09/01 16:52:04 Sunday [INFO] receive the command size:0015
2013/09/01 16:52:04 Sunday [INFO] receive cmd START VM:VMID=1.
2013/09/01 16:52:04 Sunday [INFO] begin StartVM::Do().
2013/09/01 16:52:04 Sunday [INFO] begin process parameter.
2013/09/01 16:52:04 Sunday [INFO] end process parameter.
2013/09/01 16:52:04 Sunday [INFO] execute: select id from VMDetail where id=1.
2013/09/01 16:52:04 Sunday [INFO] execute: select id from VMDetail where status=1 and id=1.
2013/09/01 16:52:05 Sunday [ERROR] Object::recvData receive ack message error:Success.
2013/09/01 16:52:05 Sunday [ERROR] recv ack message from dispatch server error.
2013/09/01 16:52:05 Sunday [INFO] send ack message:ACK:START VM:RETN=8,DESC=system is busy,please wait
2013/09/01 16:52:05 Sunday [INFO] receive the command size:
2013/09/01 16:52:05 Sunday [INFO] clinet close the connection.
2013/09/01 16:53:04 Sunday [INFO] receive a connection from 127.0.0.1.
2013/09/01 16:53:04 Sunday [INFO] receive the command size:0030
2013/09/01 16:53:04 Sunday [INFO] receive cmd LOGIN:user=test1,passwd=123456.
2013/09/01 16:53:04 Sunday [INFO] begin Login::Do().
2013/09/01 16:53:04 Sunday [INFO] begin process parameter.
2013/09/01 16:53:04 Sunday [INFO] end process parameter.
2013/09/01 16:53:04 Sunday [INFO] begin to send login request to auth server.
2013/09/01 16:53:04 Sunday [INFO] send login request to auth server success.
2013/09/01 16:53:04 Sunday [INFO] begin to read auth server ack.
2013/09/01 16:53:04 Sunday [INFO] read auth server ack success.
2013/09/01 16:53:04 Sunday [INFO] Process::sendAck send ack message:ACK:LOGIN:RETN=0,DESC=success
2013/09/01 16:53:04 Sunday [INFO] receive the command size:0015
2013/09/01 16:53:04 Sunday [INFO] receive cmd START VM:VMID=1.
2013/09/01 16:53:04 Sunday [INFO] begin StartVM::Do().
2013/09/01 16:53:04 Sunday [INFO] begin process parameter.
2013/09/01 16:53:04 Sunday [INFO] end process parameter.
2013/09/01 16:53:04 Sunday [INFO] execute: select id from VMDetail where id=1.
2013/09/01 16:53:04 Sunday [INFO] execute: select id from VMDetail where status=1 and id=1.
2013/09/01 16:53:05 Sunday [INFO] recv ack message:ACK:GET BEST NC:RETN=0,DESC=SUCCESS,IP=192.168.101.11 from dispatch server.
2013/09/01 16:53:05 Sunday [INFO] execute: update VMDetail set status=1,host=192.168.101.11 where id=1.
2013/09/01 16:53:05 Sunday [INFO] execute: update VMDetail set status=1,host=192.168.101.11 where id=1.
2013/09/01 16:53:05 Sunday [ERROR] update vm status to VMDetail table failed.
2013/09/01 16:53:05 Sunday [INFO] end StartVM::Do().
2013/09/01 16:53:05 Sunday [INFO] send ack message:ACK:START VM:RETN=0,DESC=Single VM Start Success!
2013/09/01 16:53:05 Sunday [INFO] receive the command size:
2013/09/01 16:53:05 Sunday [INFO] clinet close the connection.
2013/09/01 19:11:00 Sunday [INFO] receive a connection from 127.0.0.1.
2013/09/01 19:11:00 Sunday [INFO] receive the command size:0030
2013/09/01 19:11:00 Sunday [INFO] receive cmd LOGIN:user=test1,passwd=123456.
2013/09/01 19:11:00 Sunday [INFO] begin Login::Do().
2013/09/01 19:11:00 Sunday [INFO] begin process parameter.
2013/09/01 19:11:00 Sunday [INFO] end process parameter.
2013/09/01 19:11:00 Sunday [INFO] begin to send login request to auth server.
2013/09/01 19:11:00 Sunday [INFO] send login request to auth server success.
2013/09/01 19:11:00 Sunday [INFO] begin to read auth server ack.
2013/09/01 19:11:01 Sunday [INFO] read auth server ack success.
2013/09/01 19:11:01 Sunday [INFO] Process::sendAck send ack message:ACK:LOGIN:RETN=0,DESC=success
2013/09/01 19:11:01 Sunday [INFO] receive the command size:0018
2013/09/01 19:11:01 Sunday [INFO] receive cmd START VM:GroupID=1.
2013/09/01 19:11:01 Sunday [INFO] begin StartVM::Do().
2013/09/01 19:11:01 Sunday [INFO] begin process parameter.
2013/09/01 19:11:01 Sunday [INFO] end process parameter.
2013/09/01 19:11:01 Sunday [INFO] execute: select IDï¼ŒUUID from VMDetail where GroupID=1.
2013/09/01 19:11:01 Sunday [ERROR] execute select IDï¼ŒUUID from VMDetail where GroupID=1 failed:You have an error in your SQL syntax; check the manual that corresponds to your MySQL server version for the right syntax to use near ¼ŒUUID from VMDetail where GroupID=1 at line 1
2013/09/01 19:11:01 Sunday [ERROR] Execute SQL: select IDï¼ŒUUID from VMDetail where GroupID=1 failed .
2013/09/01 19:11:01 Sunday [INFO] end StartVM::Do().
2013/09/01 19:11:01 Sunday [INFO] send ack message:ACK:START VM:RETN=8,DESC=Error In Query Database, cannot use group start! Group Start Failed!
2013/09/01 19:11:01 Sunday [INFO] receive the command size:
2013/09/01 19:11:01 Sunday [INFO] clinet close the connection.
2013/09/01 19:16:04 Sunday [INFO] receive a connection from 127.0.0.1.
2013/09/01 19:16:04 Sunday [INFO] receive the command size:0030
2013/09/01 19:16:04 Sunday [INFO] receive cmd LOGIN:user=test1,passwd=123456.
2013/09/01 19:16:04 Sunday [INFO] begin Login::Do().
2013/09/01 19:16:04 Sunday [INFO] begin process parameter.
2013/09/01 19:16:04 Sunday [INFO] end process parameter.
2013/09/01 19:16:04 Sunday [INFO] begin to send login request to auth server.
2013/09/01 19:16:04 Sunday [INFO] send login request to auth server success.
2013/09/01 19:16:04 Sunday [INFO] begin to read auth server ack.
2013/09/01 19:16:04 Sunday [INFO] read auth server ack success.
2013/09/01 19:16:04 Sunday [INFO] Process::sendAck send ack message:ACK:LOGIN:RETN=0,DESC=success
2013/09/01 19:16:04 Sunday [INFO] receive the command size:0018
2013/09/01 19:16:04 Sunday [INFO] receive cmd START VM:GroupID=1.
2013/09/01 19:16:04 Sunday [INFO] begin StartVM::Do().
2013/09/01 19:16:04 Sunday [INFO] begin process parameter.
2013/09/01 19:16:04 Sunday [INFO] end process parameter.
2013/09/01 19:16:04 Sunday [INFO] execute: select ID,UUID from VMDetail where GroupID=1.
2013/09/01 19:16:04 Sunday [INFO] execute: select id from VMDetail where id=1.
2013/09/01 19:16:04 Sunday [INFO] execute: select id from VMDetail where status=1 and id=1.
2013/09/01 19:16:04 Sunday [ERROR] Group Start: check VM status Error.
2013/09/01 19:16:04 Sunday [INFO] end StartVM::Do().
2013/09/01 19:16:04 Sunday [INFO] send ack message:ACK:START VM:RETN=8,DESC=VM 1 Status Error,cannot use group start! Group Start Failed!
2013/09/01 19:16:04 Sunday [INFO] receive the command size:
2013/09/01 19:16:04 Sunday [INFO] clinet close the connection.
2013/09/01 19:18:25 Sunday [INFO] receive a connection from 127.0.0.1.
2013/09/01 19:18:25 Sunday [INFO] receive the command size:0030
2013/09/01 19:18:25 Sunday [INFO] receive cmd LOGIN:user=test1,passwd=123456.
2013/09/01 19:18:25 Sunday [INFO] begin Login::Do().
2013/09/01 19:18:25 Sunday [INFO] begin process parameter.
2013/09/01 19:18:25 Sunday [INFO] end process parameter.
2013/09/01 19:18:25 Sunday [INFO] begin to send login request to auth server.
2013/09/01 19:18:25 Sunday [INFO] send login request to auth server success.
2013/09/01 19:18:25 Sunday [INFO] begin to read auth server ack.
2013/09/01 19:18:25 Sunday [INFO] read auth server ack success.
2013/09/01 19:18:25 Sunday [INFO] Process::sendAck send ack message:ACK:LOGIN:RETN=0,DESC=success
2013/09/01 19:18:25 Sunday [INFO] receive the command size:0018
2013/09/01 19:18:25 Sunday [INFO] receive cmd START VM:GroupID=1.
2013/09/01 19:18:25 Sunday [INFO] begin StartVM::Do().
2013/09/01 19:18:25 Sunday [INFO] begin process parameter.
2013/09/01 19:18:25 Sunday [INFO] end process parameter.
2013/09/01 19:18:25 Sunday [INFO] execute: select ID,UUID from VMDetail where GroupID=1.
2013/09/01 19:18:25 Sunday [INFO] execute: select id from VMDetail where id=1.
2013/09/01 19:18:25 Sunday [INFO] execute: select id from VMDetail where status=1 and id=1.
2013/09/01 19:18:25 Sunday [ERROR] Group Start: check VM status Error.
2013/09/01 19:18:25 Sunday [INFO] end StartVM::Do().
2013/09/01 19:18:25 Sunday [INFO] send ack message:ACK:START VM:RETN=8,DESC=VM 1 Status Error,cannot use group start! Group Start Failed!
2013/09/01 19:18:25 Sunday [INFO] receive the command size:
2013/09/01 19:18:25 Sunday [INFO] clinet close the connection.
2013/09/01 19:21:48 Sunday [INFO] receive a connection from 127.0.0.1.
2013/09/01 19:21:48 Sunday [INFO] receive the command size:0030
2013/09/01 19:21:48 Sunday [INFO] receive cmd LOGIN:user=test1,passwd=123456.
2013/09/01 19:21:48 Sunday [INFO] begin Login::Do().
2013/09/01 19:21:48 Sunday [INFO] begin process parameter.
2013/09/01 19:21:48 Sunday [INFO] end process parameter.
2013/09/01 19:21:48 Sunday [INFO] begin to send login request to auth server.
2013/09/01 19:21:48 Sunday [INFO] send login request to auth server success.
2013/09/01 19:21:48 Sunday [INFO] begin to read auth server ack.
2013/09/01 19:21:48 Sunday [INFO] read auth server ack success.
2013/09/01 19:21:48 Sunday [INFO] Process::sendAck send ack message:ACK:LOGIN:RETN=0,DESC=success
2013/09/01 19:21:48 Sunday [INFO] receive the command size:0018
2013/09/01 19:21:48 Sunday [INFO] receive cmd START VM:GroupID=1.
2013/09/01 19:21:48 Sunday [INFO] begin StartVM::Do().
2013/09/01 19:21:48 Sunday [INFO] begin process parameter.
2013/09/01 19:21:48 Sunday [INFO] end process parameter.
2013/09/01 19:21:48 Sunday [INFO] execute: select ID,UUID from VMDetail where GroupID=1.
2013/09/01 19:21:48 Sunday [INFO] execute: select id from VMDetail where id=1.
2013/09/01 19:21:48 Sunday [INFO] execute: select id from VMDetail where status=1 and id=1.
2013/09/01 19:21:48 Sunday [INFO] execute: select id from VMDetail where id=2.
2013/09/01 19:21:48 Sunday [INFO] execute: select id from VMDetail where status=1 and id=2.
2013/09/01 19:21:48 Sunday [INFO] execute: select id from VMDetail where id=3.
2013/09/01 19:21:48 Sunday [INFO] execute: select id from VMDetail where status=1 and id=3.
2013/09/01 19:21:48 Sunday [INFO] execute: select id from VMDetail where id=4.
2013/09/01 19:21:48 Sunday [INFO] execute: select id from VMDetail where status=1 and id=4.
2013/09/01 19:21:50 Sunday [INFO] recv ack message:ACK:GET BEST NC:RETN=0,DESC=SUCCESS,VM_NC_MAP=1/192.168.101.11|2/192.168.101.11|3/192.168.101.11|4/192.168.101.11 from dispatch server.
2013/09/01 19:21:50 Sunday [INFO] execute: update VMDetail set status=1,host=192.168.101.11 where id=1.
2013/09/01 19:21:50 Sunday [INFO] execute: update VMDetail set status=1,host=192.168.101.11 where id=1.
2013/09/01 19:21:50 Sunday [ERROR] update vm status to VMDetail table failed.
2013/09/01 19:21:50 Sunday [INFO] execute: update VMDetail set status=1,host=192.168.101.11 where id=2.
2013/09/01 19:21:50 Sunday [INFO] execute: update VMDetail set status=1,host=192.168.101.11 where id=2.
2013/09/01 19:21:50 Sunday [ERROR] update vm status to VMDetail table failed.
2013/09/01 19:21:50 Sunday [INFO] execute: update VMDetail set status=1,host=192.168.101.11 where id=3.
2013/09/01 19:21:50 Sunday [INFO] execute: update VMDetail set status=1,host=192.168.101.11 where id=3.
2013/09/01 19:21:50 Sunday [ERROR] update vm status to VMDetail table failed.
2013/09/01 19:21:50 Sunday [INFO] execute: update VMDetail set status=1,host=192.168.101.11 where id=4.
2013/09/01 19:21:50 Sunday [INFO] execute: update VMDetail set status=1,host=192.168.101.11 where id=4.
2013/09/01 19:21:50 Sunday [ERROR] update vm status to VMDetail table failed.
2013/09/01 19:21:50 Sunday [INFO] end StartVM::Do().
2013/09/01 19:21:50 Sunday [INFO] send ack message:ACK:START VM:RETN=0,DESC=Group Start Success!
2013/09/01 19:21:50 Sunday [INFO] receive the command size:
2013/09/01 19:21:50 Sunday [INFO] clinet close the connection.
2013/09/01 19:29:31 Sunday [INFO] receive a connection from 127.0.0.1.
2013/09/01 19:29:31 Sunday [INFO] receive the command size:0030
2013/09/01 19:29:31 Sunday [INFO] receive cmd LOGIN:user=test1,passwd=123456.
2013/09/01 19:29:31 Sunday [INFO] begin Login::Do().
2013/09/01 19:29:31 Sunday [INFO] begin process parameter.
2013/09/01 19:29:31 Sunday [INFO] end process parameter.
2013/09/01 19:29:31 Sunday [INFO] begin to send login request to auth server.
2013/09/01 19:29:31 Sunday [INFO] send login request to auth server success.
2013/09/01 19:29:31 Sunday [INFO] begin to read auth server ack.
2013/09/01 19:29:31 Sunday [INFO] read auth server ack success.
2013/09/01 19:29:31 Sunday [INFO] Process::sendAck send ack message:ACK:LOGIN:RETN=0,DESC=success
2013/09/01 19:29:31 Sunday [INFO] receive the command size:0018
2013/09/01 19:29:31 Sunday [INFO] receive cmd START VM:GroupID=1.
2013/09/01 19:29:31 Sunday [INFO] begin StartVM::Do().
2013/09/01 19:29:31 Sunday [INFO] begin process parameter.
2013/09/01 19:29:31 Sunday [INFO] end process parameter.
2013/09/01 19:29:31 Sunday [INFO] execute: select ID,UUID from VMDetail where GroupID=1.
2013/09/01 19:29:31 Sunday [INFO] execute: select id from VMDetail where id=1.
2013/09/01 19:29:31 Sunday [INFO] execute: select id from VMDetail where status=1 and id=1.
2013/09/01 19:29:31 Sunday [ERROR] Group Start: check VM status Error.
2013/09/01 19:29:31 Sunday [INFO] end StartVM::Do().
2013/09/01 19:29:31 Sunday [INFO] send ack message:ACK:START VM:RETN=8,DESC=VM 1 Status Error,cannot use group start! Group Start Failed!
2013/09/01 19:29:31 Sunday [INFO] receive the command size:
2013/09/01 19:29:31 Sunday [INFO] clinet close the connection.
2013/09/01 19:30:21 Sunday [INFO] receive a connection from 127.0.0.1.
2013/09/01 19:30:21 Sunday [INFO] receive the command size:0030
2013/09/01 19:30:21 Sunday [INFO] receive cmd LOGIN:user=test1,passwd=123456.
2013/09/01 19:30:21 Sunday [INFO] begin Login::Do().
2013/09/01 19:30:21 Sunday [INFO] begin process parameter.
2013/09/01 19:30:21 Sunday [INFO] end process parameter.
2013/09/01 19:30:21 Sunday [INFO] begin to send login request to auth server.
2013/09/01 19:30:21 Sunday [INFO] send login request to auth server success.
2013/09/01 19:30:21 Sunday [INFO] begin to read auth server ack.
2013/09/01 19:30:21 Sunday [INFO] read auth server ack success.
2013/09/01 19:30:21 Sunday [INFO] Process::sendAck send ack message:ACK:LOGIN:RETN=0,DESC=success
2013/09/01 19:30:21 Sunday [INFO] receive the command size:0018
2013/09/01 19:30:21 Sunday [INFO] receive cmd START VM:GroupID=1.
2013/09/01 19:30:21 Sunday [INFO] begin StartVM::Do().
2013/09/01 19:30:21 Sunday [INFO] begin process parameter.
2013/09/01 19:30:21 Sunday [INFO] end process parameter.
2013/09/01 19:30:21 Sunday [INFO] execute: select ID,UUID from VMDetail where GroupID=1.
2013/09/01 19:30:21 Sunday [INFO] execute: select id from VMDetail where id=1.
2013/09/01 19:30:21 Sunday [INFO] execute: select id from VMDetail where status=1 and id=1.
2013/09/01 19:30:21 Sunday [INFO] execute: select id from VMDetail where id=2.
2013/09/01 19:30:21 Sunday [INFO] execute: select id from VMDetail where status=1 and id=2.
2013/09/01 19:30:21 Sunday [INFO] execute: select id from VMDetail where id=3.
2013/09/01 19:30:21 Sunday [INFO] execute: select id from VMDetail where status=1 and id=3.
2013/09/01 19:30:21 Sunday [INFO] execute: select id from VMDetail where id=4.
2013/09/01 19:30:21 Sunday [INFO] execute: select id from VMDetail where status=1 and id=4.
2013/09/01 19:30:22 Sunday [INFO] recv ack message:ACK:GET BEST NC:RETN=0,DESC=SUCCESS,VM_NC_MAP=1/192.168.101.11|2/192.168.101.11|3/192.168.101.11|4/192.168.101.11 from dispatch server.
2013/09/01 19:30:22 Sunday [INFO] execute: update VMDetail set status=1,host=192.168.101.11 where id=1.
2013/09/01 19:30:22 Sunday [INFO] execute: update VMDetail set status=1,host=192.168.101.11 where id=1.
2013/09/01 19:30:22 Sunday [ERROR] update vm status to VMDetail table failed.
2013/09/01 19:30:22 Sunday [INFO] execute: update VMDetail set status=1,host=192.168.101.11 where id=2.
2013/09/01 19:30:22 Sunday [INFO] execute: update VMDetail set status=1,host=192.168.101.11 where id=2.
2013/09/01 19:30:22 Sunday [ERROR] update vm status to VMDetail table failed.
2013/09/01 19:30:22 Sunday [INFO] execute: update VMDetail set status=1,host=192.168.101.11 where id=3.
2013/09/01 19:30:22 Sunday [INFO] execute: update VMDetail set status=1,host=192.168.101.11 where id=3.
2013/09/01 19:30:22 Sunday [ERROR] update vm status to VMDetail table failed.
2013/09/01 19:30:22 Sunday [INFO] execute: update VMDetail set status=1,host=192.168.101.11 where id=4.
2013/09/01 19:30:22 Sunday [INFO] execute: update VMDetail set status=1,host=192.168.101.11 where id=4.
2013/09/01 19:30:22 Sunday [ERROR] update vm status to VMDetail table failed.
2013/09/01 19:30:22 Sunday [INFO] end StartVM::Do().
2013/09/01 19:30:22 Sunday [INFO] send ack message:ACK:START VM:RETN=0,DESC=Group Start Success!
2013/09/01 19:30:22 Sunday [INFO] receive the command size:
2013/09/01 19:30:22 Sunday [INFO] clinet close the connection.
