2013/07/26 20:04:07 Friday [INFO] receive a connection from 192.168.100.11.
2013/07/28 01:36:26 Sunday [INFO] receive a connection from 192.168.100.11.
2013/07/28 01:36:51 Sunday [INFO] receive cmd login:user=test1,passwd=123456 and return a Auth object.
2013/07/28 01:36:51 Sunday [INFO] use para user=test1,passwd=123456 to init the Auth object.
2013/07/28 01:36:51 Sunday [INFO] begin call obj->Do.
2013/07/28 01:36:51 Sunday [INFO] begin Auth::Do.
2013/07/28 01:36:51 Sunday [INFO] begin process parameter.
2013/07/28 01:36:51 Sunday [INFO] end process parameter.
2013/07/28 01:36:51 Sunday [INFO] begin check user name and password.
2013/07/28 01:36:51 Sunday [INFO] end check user name and password.
2013/07/28 01:36:51 Sunday [INFO] call obj->Do down.
2013/07/28 01:36:51 Sunday [INFO] begin call obj->sendAck.
2013/07/28 01:36:51 Sunday [INFO] send ack message:ACK:LOGIN:RETN=0,DESC=success,RESULT=-1|-1
2013/07/28 01:36:51 Sunday [INFO] call obj->sendAck down.
2013/07/28 02:02:59 Sunday [INFO] receive cmd login:user=test1,passwd=123456 and return a Auth object.
2013/07/28 02:02:59 Sunday [INFO] use para user=test1,passwd=123456 to init the Auth object.
2013/07/28 02:02:59 Sunday [INFO] begin call obj->Do.
2013/07/28 02:02:59 Sunday [INFO] begin Auth::Do.
2013/07/28 02:02:59 Sunday [INFO] begin process parameter.
2013/07/28 02:02:59 Sunday [INFO] end process parameter.
2013/07/28 02:02:59 Sunday [INFO] begin check user name and password.
2013/07/28 02:02:59 Sunday [INFO] end check user name and password.
2013/07/28 02:02:59 Sunday [INFO] call obj->Do down.
2013/07/28 02:02:59 Sunday [INFO] begin call obj->sendAck.
2013/07/28 02:02:59 Sunday [INFO] send ack message:ACK:LOGIN:RETN=0,DESC=success,RESULT=-1|-1
2013/07/28 02:02:59 Sunday [INFO] call obj->sendAck down.
2013/07/28 02:16:56 Sunday [INFO] receive cmd login:user=test1,passwd=123456 and return a Auth object.
2013/07/28 02:16:56 Sunday [INFO] use para user=test1,passwd=123456 to init the Auth object.
2013/07/28 02:16:56 Sunday [INFO] begin call obj->Do.
2013/07/28 02:16:56 Sunday [INFO] begin Auth::Do.
2013/07/28 02:16:56 Sunday [INFO] begin process parameter.
2013/07/28 02:16:56 Sunday [INFO] end process parameter.
2013/07/28 02:16:56 Sunday [INFO] begin check user name and password.
2013/07/28 02:16:56 Sunday [INFO] end check user name and password.
2013/07/28 02:16:56 Sunday [INFO] call obj->Do down.
2013/07/28 02:16:56 Sunday [INFO] begin call obj->sendAck.
2013/07/28 02:16:56 Sunday [INFO] send ack message:ACK:LOGIN:RETN=0,DESC=success,RESULT=-1|-1
2013/07/28 02:16:56 Sunday [INFO] call obj->sendAck down.
2013/07/28 02:29:07 Sunday [INFO] receive cmd login:user=test1,passwd=123456 and return a Auth object.
2013/07/28 02:29:07 Sunday [INFO] use para user=test1,passwd=123456 to init the Auth object.
2013/07/28 02:29:07 Sunday [INFO] begin call obj->Do.
2013/07/28 02:29:07 Sunday [INFO] begin Auth::Do.
2013/07/28 02:29:07 Sunday [INFO] begin process parameter.
2013/07/28 02:29:07 Sunday [INFO] end process parameter.
2013/07/28 02:29:07 Sunday [INFO] begin check user name and password.
2013/07/28 02:29:07 Sunday [INFO] end check user name and password.
2013/07/28 02:29:07 Sunday [INFO] call obj->Do down.
2013/07/28 02:29:07 Sunday [INFO] begin call obj->sendAck.
2013/07/28 02:29:07 Sunday [INFO] send ack message:ACK:LOGIN:RETN=0,DESC=success,RESULT=-1|-1
2013/07/28 02:29:07 Sunday [INFO] call obj->sendAck down.
2013/07/28 02:31:02 Sunday [INFO] receive cmd login:user=test1,passwd=123456 and return a Auth object.
2013/07/28 02:31:02 Sunday [INFO] use para user=test1,passwd=123456 to init the Auth object.
2013/07/28 02:31:02 Sunday [INFO] begin call obj->Do.
2013/07/28 02:31:02 Sunday [INFO] begin Auth::Do.
2013/07/28 02:31:02 Sunday [INFO] begin process parameter.
2013/07/28 02:31:02 Sunday [INFO] end process parameter.
2013/07/28 02:31:02 Sunday [INFO] begin check user name and password.
2013/07/28 02:31:02 Sunday [INFO] end check user name and password.
2013/07/28 02:31:02 Sunday [INFO] call obj->Do down.
2013/07/28 02:31:02 Sunday [INFO] begin call obj->sendAck.
2013/07/28 02:31:02 Sunday [INFO] send ack message:ACK:LOGIN:RETN=0,DESC=success,RESULT=-1|-1
2013/07/28 02:31:02 Sunday [INFO] call obj->sendAck down.
