2013/07/26 20:30:27 Friday [INFO] receive a connection from 192.168.100.11.
2013/07/26 21:21:22 Friday [INFO] clinet close the connection.
2013/07/26 21:21:22 Friday [INFO] receive a connection from 192.168.100.11.
2013/07/26 21:21:22 Friday [INFO] clinet close the connection.
2013/07/26 21:21:24 Friday [INFO] receive a connection from 192.168.100.11.
2013/07/26 21:22:22 Friday [INFO] receive cmd login:user=test1,passwd=123456 and return a Auth object.
2013/07/26 21:22:22 Friday [INFO] use para user=test1,passwd=123456 to init the Auth object.
2013/07/26 21:22:22 Friday [INFO] begin call obj->Do.
2013/07/26 21:22:22 Friday [INFO] begin Auth::Do.
2013/07/26 21:22:22 Friday [INFO] begin process parameter.
2013/07/26 21:22:22 Friday [INFO] end process parameter.
2013/07/26 21:22:22 Friday [INFO] begin check user name and password.
2013/07/26 21:22:23 Friday [ERROR] execute select id,type from  User where user=test1 and passwd=123456,the result row count is not 1  ,we desire 1 row.
2013/07/26 21:22:23 Friday [INFO] call obj->Do down.
2013/07/26 21:22:23 Friday [INFO] begin call obj->sendAck.
2013/07/26 21:22:23 Friday [INFO] send ack message:ACK:LOGIN:RETN=1001,DESC=user name or pass is error
2013/07/26 21:22:23 Friday [INFO] call obj->sendAck down.
2013/07/26 21:31:34 Friday [INFO] receive cmd login:user=test1,passwd=123456 and return a Auth object.
2013/07/26 21:31:34 Friday [INFO] use para user=test1,passwd=123456 to init the Auth object.
2013/07/26 21:31:34 Friday [INFO] begin call obj->Do.
2013/07/26 21:31:34 Friday [INFO] begin Auth::Do.
2013/07/26 21:31:34 Friday [INFO] begin process parameter.
2013/07/26 21:31:34 Friday [INFO] end process parameter.
2013/07/26 21:31:34 Friday [INFO] begin check user name and password.
2013/07/26 21:31:34 Friday [INFO] end check user name and password.
2013/07/26 21:31:34 Friday [INFO] call obj->Do down.
2013/07/26 21:31:34 Friday [INFO] begin call obj->sendAck.
2013/07/26 21:31:34 Friday [INFO] send ack message:ACK:LOGIN:RETN=0,DESC=success,RESULT=-1|-1
2013/07/26 21:31:34 Friday [INFO] call obj->sendAck down.
2013/07/26 21:32:13 Friday [INFO] receive cmd login:user=test1,passwd=123456 and return a Auth object.
2013/07/26 21:32:13 Friday [INFO] use para user=test1,passwd=123456 to init the Auth object.
2013/07/26 21:32:13 Friday [INFO] begin call obj->Do.
2013/07/26 21:32:13 Friday [INFO] begin Auth::Do.
2013/07/26 21:32:13 Friday [INFO] begin process parameter.
2013/07/26 21:32:13 Friday [INFO] end process parameter.
2013/07/26 21:32:13 Friday [INFO] begin check user name and password.
2013/07/26 21:32:13 Friday [INFO] end check user name and password.
2013/07/26 21:32:13 Friday [INFO] call obj->Do down.
2013/07/26 21:32:13 Friday [INFO] begin call obj->sendAck.
2013/07/26 21:32:13 Friday [INFO] send ack message:ACK:LOGIN:RETN=0,DESC=success,RESULT=-1|-1
2013/07/26 21:32:13 Friday [INFO] call obj->sendAck down.
2013/07/26 21:56:25 Friday [INFO] receive cmd login:user=test1,passwd=123456 and return a Auth object.
2013/07/26 21:56:25 Friday [INFO] use para user=test1,passwd=123456 to init the Auth object.
2013/07/26 21:56:25 Friday [INFO] begin call obj->Do.
2013/07/26 21:56:25 Friday [INFO] begin Auth::Do.
2013/07/26 21:56:25 Friday [INFO] begin process parameter.
2013/07/26 21:56:25 Friday [INFO] end process parameter.
2013/07/26 21:56:25 Friday [INFO] begin check user name and password.
2013/07/26 21:56:25 Friday [INFO] end check user name and password.
2013/07/26 21:56:25 Friday [INFO] call obj->Do down.
2013/07/26 21:56:25 Friday [INFO] begin call obj->sendAck.
2013/07/26 21:56:25 Friday [INFO] send ack message:ACK:LOGIN:RETN=0,DESC=success,RESULT=-1|-1
2013/07/26 21:56:25 Friday [INFO] call obj->sendAck down.
2013/07/26 21:59:48 Friday [INFO] clinet close the connection.
2013/07/26 21:59:48 Friday [INFO] receive a connection from 192.168.100.11.
2013/07/26 21:59:48 Friday [INFO] clinet close the connection.
2013/07/26 22:00:32 Friday [INFO] receive a connection from 192.168.100.11.
2013/07/26 22:00:41 Friday [INFO] receive cmd login:user=test1,passwd=123456 and return a Auth object.
2013/07/26 22:00:41 Friday [INFO] use para user=test1,passwd=123456 to init the Auth object.
2013/07/26 22:00:41 Friday [INFO] begin call obj->Do.
2013/07/26 22:00:41 Friday [INFO] begin Auth::Do.
2013/07/26 22:00:41 Friday [INFO] begin process parameter.
2013/07/26 22:00:41 Friday [INFO] end process parameter.
2013/07/26 22:00:41 Friday [INFO] begin check user name and password.
2013/07/26 22:00:41 Friday [INFO] end check user name and password.
2013/07/26 22:00:41 Friday [INFO] call obj->Do down.
2013/07/26 22:00:41 Friday [INFO] begin call obj->sendAck.
2013/07/26 22:00:41 Friday [INFO] send ack message:ACK:LOGIN:RETN=0,DESC=success,RESULT=-1|-1
2013/07/26 22:00:41 Friday [INFO] call obj->sendAck down.
2013/07/26 22:01:05 Friday [INFO] clinet close the connection.
2013/07/26 22:07:15 Friday [INFO] receive a connection from 192.168.100.11.
2013/07/26 22:07:20 Friday [INFO] receive cmd login:user=test1,passwd=123456 and return a Auth object.
2013/07/26 22:07:20 Friday [INFO] use para user=test1,passwd=123456 to init the Auth object.
2013/07/26 22:07:20 Friday [INFO] begin call obj->Do.
2013/07/26 22:07:20 Friday [INFO] begin Auth::Do.
2013/07/26 22:07:20 Friday [INFO] begin process parameter.
2013/07/26 22:07:20 Friday [INFO] end process parameter.
2013/07/26 22:07:20 Friday [INFO] begin check user name and password.
2013/07/26 22:07:20 Friday [INFO] end check user name and password.
2013/07/26 22:07:20 Friday [INFO] call obj->Do down.
2013/07/26 22:07:20 Friday [INFO] begin call obj->sendAck.
2013/07/26 22:07:20 Friday [INFO] send ack message:ACK:LOGIN:RETN=0,DESC=success,RESULT=-1|-1
2013/07/26 22:07:20 Friday [INFO] call obj->sendAck down.
2013/07/26 22:12:35 Friday [INFO] clinet close the connection.
2013/07/26 22:12:54 Friday [INFO] receive a connection from 192.168.100.11.
2013/07/26 22:12:59 Friday [INFO] receive cmd login:user=test1,passwd=123456 and return a Auth object.
2013/07/26 22:12:59 Friday [INFO] use para user=test1,passwd=123456 to init the Auth object.
2013/07/26 22:12:59 Friday [INFO] begin call obj->Do.
2013/07/26 22:12:59 Friday [INFO] begin Auth::Do.
2013/07/26 22:12:59 Friday [INFO] begin process parameter.
2013/07/26 22:12:59 Friday [INFO] end process parameter.
2013/07/26 22:12:59 Friday [INFO] begin check user name and password.
2013/07/26 22:12:59 Friday [INFO] end check user name and password.
2013/07/26 22:12:59 Friday [INFO] call obj->Do down.
2013/07/26 22:12:59 Friday [INFO] begin call obj->sendAck.
2013/07/26 22:12:59 Friday [INFO] send ack message:ACK:LOGIN:RETN=0,DESC=success,RESULT=-1|-1
2013/07/26 22:12:59 Friday [INFO] call obj->sendAck down.
2013/07/26 22:13:37 Friday [INFO] clinet close the connection.
2013/07/26 22:13:53 Friday [INFO] receive a connection from 192.168.100.11.
2013/07/26 22:13:59 Friday [INFO] receive cmd login:user=test1,passwd=123456 and return a Auth object.
2013/07/26 22:13:59 Friday [INFO] use para user=test1,passwd=123456 to init the Auth object.
2013/07/26 22:13:59 Friday [INFO] begin call obj->Do.
2013/07/26 22:13:59 Friday [INFO] begin Auth::Do.
2013/07/26 22:13:59 Friday [INFO] begin process parameter.
2013/07/26 22:13:59 Friday [INFO] end process parameter.
2013/07/26 22:13:59 Friday [INFO] begin check user name and password.
2013/07/26 22:13:59 Friday [INFO] end check user name and password.
2013/07/26 22:13:59 Friday [INFO] call obj->Do down.
2013/07/26 22:13:59 Friday [INFO] begin call obj->sendAck.
2013/07/26 22:13:59 Friday [INFO] send ack message:ACK:LOGIN:RETN=0,DESC=success,RESULT=-1|-1
2013/07/26 22:13:59 Friday [INFO] call obj->sendAck down.
2013/07/26 22:36:57 Friday [INFO] receive cmd login:user=test1,passwd=123456 and return a Auth object.
2013/07/26 22:36:57 Friday [INFO] use para user=test1,passwd=123456 to init the Auth object.
2013/07/26 22:36:57 Friday [INFO] begin call obj->Do.
2013/07/26 22:36:57 Friday [INFO] begin Auth::Do.
2013/07/26 22:36:57 Friday [INFO] begin process parameter.
2013/07/26 22:36:57 Friday [INFO] end process parameter.
2013/07/26 22:36:57 Friday [INFO] begin check user name and password.
2013/07/26 22:36:57 Friday [INFO] end check user name and password.
2013/07/26 22:36:57 Friday [INFO] call obj->Do down.
2013/07/26 22:36:57 Friday [INFO] begin call obj->sendAck.
2013/07/26 22:36:57 Friday [INFO] send ack message:ACK:LOGIN:RETN=0,DESC=success,RESULT=-1|-1
2013/07/26 22:36:57 Friday [INFO] call obj->sendAck down.
2013/07/26 22:38:12 Friday [INFO] receive cmd login:user=test1,passwd=123456 and return a Auth object.
2013/07/26 22:38:12 Friday [INFO] use para user=test1,passwd=123456 to init the Auth object.
2013/07/26 22:38:12 Friday [INFO] begin call obj->Do.
2013/07/26 22:38:12 Friday [INFO] begin Auth::Do.
2013/07/26 22:38:12 Friday [INFO] begin process parameter.
2013/07/26 22:38:12 Friday [INFO] end process parameter.
2013/07/26 22:38:12 Friday [INFO] begin check user name and password.
2013/07/26 22:38:12 Friday [INFO] end check user name and password.
2013/07/26 22:38:12 Friday [INFO] call obj->Do down.
2013/07/26 22:38:12 Friday [INFO] begin call obj->sendAck.
2013/07/26 22:38:12 Friday [INFO] send ack message:ACK:LOGIN:RETN=0,DESC=success,RESULT=-1|-1
2013/07/26 22:38:12 Friday [INFO] call obj->sendAck down.
2013/07/28 01:30:40 Sunday [INFO] receive cmd login:user=test1,passwd=123456 and return a Auth object.
2013/07/28 01:30:40 Sunday [INFO] use para user=test1,passwd=123456 to init the Auth object.
2013/07/28 01:30:40 Sunday [INFO] begin call obj->Do.
2013/07/28 01:30:40 Sunday [INFO] begin Auth::Do.
2013/07/28 01:30:40 Sunday [INFO] begin process parameter.
2013/07/28 01:30:40 Sunday [INFO] end process parameter.
2013/07/28 01:30:40 Sunday [INFO] begin check user name and password.
2013/07/28 01:30:40 Sunday [INFO] end check user name and password.
2013/07/28 01:30:40 Sunday [INFO] call obj->Do down.
2013/07/28 01:30:40 Sunday [INFO] begin call obj->sendAck.
2013/07/28 01:30:40 Sunday [INFO] send ack message:ACK:LOGIN:RETN=0,DESC=success,RESULT=-1|-1
2013/07/28 01:30:40 Sunday [INFO] call obj->sendAck down.
